# JRE version: Java(TM) SE Runtime Environment (8.0_241-b07) (build 1.8.0_241-b07)
# Java VM: Java HotSpot(TM) 64-Bit Server VM (25.241-b07 mixed mode windows-amd64 compressed oops)
Heap:
 PSYoungGen      total 342528K, used 237553K [0x00000000eab00000, 0x0000000100000000, 0x0000000100000000)
  eden space 335872K, 68% used [0x00000000eab00000,0x00000000f8c833d0,0x00000000ff300000)
  from space 6656K, 99% used [0x00000000ff300000,0x00000000ff979210,0x00000000ff980000)
  to   space 6656K, 0% used [0x00000000ff980000,0x00000000ff980000,0x0000000100000000)
 ParOldGen       total 686080K, used 446277K [0x00000000c0000000, 0x00000000e9e00000, 0x00000000eab00000)
  object space 686080K, 65% used [0x00000000c0000000,0x00000000db3d17b0,0x00000000e9e00000)
 Metaspace       used 79953K, capacity 81034K, committed 81320K, reserved 1118208K
  class space    used 11727K, capacity 11917K, committed 11952K, reserved 1048576K
GC Heap History (10 events):
Event: 188.183 GC heap before
{Heap before GC invocations=930 (full 5):
 PSYoungGen      total 345600K, used 344964K [0x00000000eab00000, 0x0000000100000000, 0x0000000100000000)
  eden space 342016K, 100% used [0x00000000eab00000,0x00000000ff900000,0x00000000ff900000)
  from space 3584K, 82% used [0x00000000ffc80000,0x00000000fff61300,0x0000000100000000)
  to   space 3584K, 0% used [0x00000000ff900000,0x00000000ff900000,0x00000000ffc80000)
 ParOldGen       total 686080K, used 443929K [0x00000000c0000000, 0x00000000e9e00000, 0x00000000eab00000)
  object space 686080K, 64% used [0x00000000c0000000,0x00000000db186640,0x00000000e9e00000)
 Metaspace       used 79953K, capacity 81034K, committed 81320K, reserved 1118208K
  class space    used 11727K, capacity 11917K, committed 11952K, reserved 1048576K
Event: 188.186 GC heap after
Heap after GC invocations=930 (full 5):
 PSYoungGen      total 345600K, used 3366K [0x00000000eab00000, 0x0000000100000000, 0x0000000100000000)
  eden space 342016K, 0% used [0x00000000eab00000,0x00000000eab00000,0x00000000ff900000)
  from space 3584K, 93% used [0x00000000ff900000,0x00000000ffc49898,0x00000000ffc80000)
  to   space 3584K, 0% used [0x00000000ffc80000,0x00000000ffc80000,0x0000000100000000)
 ParOldGen       total 686080K, used 443937K [0x00000000c0000000, 0x00000000e9e00000, 0x00000000eab00000)
  object space 686080K, 64% used [0x00000000c0000000,0x00000000db188640,0x00000000e9e00000)
 Metaspace       used 79953K, capacity 81034K, committed 81320K, reserved 1118208K
  class space    used 11727K, capacity 11917K, committed 11952K, reserved 1048576K
}
Event: 188.450 GC heap before
{Heap before GC invocations=931 (full 5):
 PSYoungGen      total 345600K, used 345382K [0x00000000eab00000, 0x0000000100000000, 0x0000000100000000)
  eden space 342016K, 100% used [0x00000000eab00000,0x00000000ff900000,0x00000000ff900000)
  from space 3584K, 93% used [0x00000000ff900000,0x00000000ffc49898,0x00000000ffc80000)
  to   space 3584K, 0% used [0x00000000ffc80000,0x00000000ffc80000,0x0000000100000000)
 ParOldGen       total 686080K, used 443937K [0x00000000c0000000, 0x00000000e9e00000, 0x00000000eab00000)
  object space 686080K, 64% used [0x00000000c0000000,0x00000000db188640,0x00000000e9e00000)
 Metaspace       used 79953K, capacity 81034K, committed 81320K, reserved 1118208K
  class space    used 11727K, capacity 11917K, committed 11952K, reserved 1048576K
Event: 188.453 GC heap after
Heap after GC invocations=931 (full 5):
 PSYoungGen      total 343552K, used 3558K [0x00000000eab00000, 0x0000000100000000, 0x0000000100000000)
  eden space 339968K, 0% used [0x00000000eab00000,0x00000000eab00000,0x00000000ff700000)
  from space 3584K, 99% used [0x00000000ffc80000,0x00000000ffff98a8,0x0000000100000000)
  to   space 4608K, 0% used [0x00000000ff700000,0x00000000ff700000,0x00000000ffb80000)
 ParOldGen       total 686080K, used 443993K [0x00000000c0000000, 0x00000000e9e00000, 0x00000000eab00000)
  object space 686080K, 64% used [0x00000000c0000000,0x00000000db196640,0x00000000e9e00000)
 Metaspace       used 79953K, capacity 81034K, committed 81320K, reserved 1118208K
  class space    used 11727K, capacity 11917K, committed 11952K, reserved 1048576K
}
Event: 188.637 GC heap before
{Heap before GC invocations=932 (full 5):
 PSYoungGen      total 343552K, used 343526K [0x00000000eab00000, 0x0000000100000000, 0x0000000100000000)
  eden space 339968K, 100% used [0x00000000eab00000,0x00000000ff700000,0x00000000ff700000)
  from space 3584K, 99% used [0x00000000ffc80000,0x00000000ffff98a8,0x0000000100000000)
  to   space 4608K, 0% used [0x00000000ff700000,0x00000000ff700000,0x00000000ffb80000)
 ParOldGen       total 686080K, used 443993K [0x00000000c0000000, 0x00000000e9e00000, 0x00000000eab00000)
  object space 686080K, 64% used [0x00000000c0000000,0x00000000db196640,0x00000000e9e00000)
 Metaspace       used 79953K, capacity 81034K, committed 81320K, reserved 1118208K
  class space    used 11727K, capacity 11917K, committed 11952K, reserved 1048576K
Event: 188.640 GC heap after
Heap after GC invocations=932 (full 5):
 PSYoungGen      total 344576K, used 4582K [0x00000000eab00000, 0x0000000100000000, 0x0000000100000000)
  eden space 339968K, 0% used [0x00000000eab00000,0x00000000eab00000,0x00000000ff700000)
  from space 4608K, 99% used [0x00000000ff700000,0x00000000ffb798b8,0x00000000ffb80000)
  to   space 4608K, 0% used [0x00000000ffb80000,0x00000000ffb80000,0x0000000100000000)
 ParOldGen       total 686080K, used 444025K [0x00000000c0000000, 0x00000000e9e00000, 0x00000000eab00000)
  object space 686080K, 64% used [0x00000000c0000000,0x00000000db19e640,0x00000000e9e00000)
 Metaspace       used 79953K, capacity 81034K, committed 81320K, reserved 1118208K
  class space    used 11727K, capacity 11917K, committed 11952K, reserved 1048576K
}
Event: 188.959 GC heap before
{Heap before GC invocations=933 (full 5):
 PSYoungGen      total 344576K, used 344550K [0x00000000eab00000, 0x0000000100000000, 0x0000000100000000)
  eden space 339968K, 100% used [0x00000000eab00000,0x00000000ff700000,0x00000000ff700000)
  from space 4608K, 99% used [0x00000000ff700000,0x00000000ffb798b8,0x00000000ffb80000)
  to   space 4608K, 0% used [0x00000000ffb80000,0x00000000ffb80000,0x0000000100000000)
 ParOldGen       total 686080K, used 444025K [0x00000000c0000000, 0x00000000e9e00000, 0x00000000eab00000)
  object space 686080K, 64% used [0x00000000c0000000,0x00000000db19e640,0x00000000e9e00000)
 Metaspace       used 79953K, capacity 81034K, committed 81320K, reserved 1118208K
  class space    used 11727K, capacity 11917K, committed 11952K, reserved 1048576K
Event: 188.962 GC heap after
Heap after GC invocations=933 (full 5):
 PSYoungGen      total 340480K, used 4604K [0x00000000eab00000, 0x0000000100000000, 0x0000000100000000)
  eden space 335872K, 0% used [0x00000000eab00000,0x00000000eab00000,0x00000000ff300000)
  from space 4608K, 99% used [0x00000000ffb80000,0x00000000fffff168,0x0000000100000000)
  to   space 6656K, 0% used [0x00000000ff300000,0x00000000ff300000,0x00000000ff980000)
 ParOldGen       total 686080K, used 446094K [0x00000000c0000000, 0x00000000e9e00000, 0x00000000eab00000)
  object space 686080K, 65% used [0x00000000c0000000,0x00000000db3a3a28,0x00000000e9e00000)
 Metaspace       used 79953K, capacity 81034K, committed 81320K, reserved 1118208K
  class space    used 11727K, capacity 11917K, committed 11952K, reserved 1048576K
}
Event: 189.884 GC heap before
{Heap before GC invocations=934 (full 5):
 PSYoungGen      total 340480K, used 340476K [0x00000000eab00000, 0x0000000100000000, 0x0000000100000000)
  eden space 335872K, 100% used [0x00000000eab00000,0x00000000ff300000,0x00000000ff300000)
  from space 4608K, 99% used [0x00000000ffb80000,0x00000000fffff168,0x0000000100000000)
  to   space 6656K, 0% used [0x00000000ff300000,0x00000000ff300000,0x00000000ff980000)
 ParOldGen       total 686080K, used 446094K [0x00000000c0000000, 0x00000000e9e00000, 0x00000000eab00000)
  object space 686080K, 65% used [0x00000000c0000000,0x00000000db3a3a28,0x00000000e9e00000)
 Metaspace       used 79953K, capacity 81034K, committed 81320K, reserved 1118208K
  class space    used 11727K, capacity 11917K, committed 11952K, reserved 1048576K
Event: 189.888 GC heap after
Heap after GC invocations=934 (full 5):
 PSYoungGen      total 342528K, used 6628K [0x00000000eab00000, 0x0000000100000000, 0x0000000100000000)
  eden space 335872K, 0% used [0x00000000eab00000,0x00000000eab00000,0x00000000ff300000)
  from space 6656K, 99% used [0x00000000ff300000,0x00000000ff979210,0x00000000ff980000)
  to   space 6656K, 0% used [0x00000000ff980000,0x00000000ff980000,0x0000000100000000)
 ParOldGen       total 686080K, used 446277K [0x00000000c0000000, 0x00000000e9e00000, 0x00000000eab00000)
  object space 686080K, 65% used [0x00000000c0000000,0x00000000db3d17b0,0x00000000e9e00000)
 Metaspace       used 79953K, capacity 81034K, committed 81320K, reserved 1118208K
  class space    used 11727K, capacity 11917K, committed 11952K, reserved 1048576K
}

