# JRE version: Java(TM) SE Runtime Environment (8.0_241-b07) (build 1.8.0_241-b07)
# Java VM: Java HotSpot(TM) 64-Bit Server VM (25.241-b07 mixed mode windows-amd64 compressed oops)
Heap:
 PSYoungGen      total 327168K, used 106772K [0x00000000eab00000, 0x00000000ffe80000, 0x0000000100000000)
  eden space 308736K, 34% used [0x00000000eab00000,0x00000000f12cd0e0,0x00000000fd880000)
  from space 18432K, 2% used [0x00000000fec80000,0x00000000fecf8010,0x00000000ffe80000)
  to   space 19456K, 0% used [0x00000000fd880000,0x00000000fd880000,0x00000000feb80000)
 ParOldGen       total 325120K, used 108944K [0x00000000c0000000, 0x00000000d3d80000, 0x00000000eab00000)
  object space 325120K, 33% used [0x00000000c0000000,0x00000000c6a640f0,0x00000000d3d80000)
 Metaspace       used 79674K, capacity 80702K, committed 80808K, reserved 1118208K
  class space    used 11725K, capacity 11915K, committed 11952K, reserved 1048576K
GC Heap History (10 events):
Event: 117.212 GC heap before
{Heap before GC invocations=694 (full 4):
 PSYoungGen      total 348160K, used 346935K [0x00000000eab00000, 0x0000000100000000, 0x0000000100000000)
  eden space 347136K, 99% used [0x00000000eab00000,0x00000000ffd85f70,0x00000000ffe00000)
  from space 1024K, 28% used [0x00000000ffe00000,0x00000000ffe48000,0x00000000fff00000)
  to   space 1024K, 0% used [0x00000000fff00000,0x00000000fff00000,0x0000000100000000)
 ParOldGen       total 325120K, used 43394K [0x00000000c0000000, 0x00000000d3d80000, 0x00000000eab00000)
  object space 325120K, 13% used [0x00000000c0000000,0x00000000c2a60988,0x00000000d3d80000)
 Metaspace       used 79456K, capacity 80570K, committed 80808K, reserved 1118208K
  class space    used 11708K, capacity 11915K, committed 11952K, reserved 1048576K
Event: 117.216 GC heap after
Heap after GC invocations=694 (full 4):
 PSYoungGen      total 336896K, used 1015K [0x00000000eab00000, 0x0000000100000000, 0x0000000100000000)
  eden space 335872K, 0% used [0x00000000eab00000,0x00000000eab00000,0x00000000ff300000)
  from space 1024K, 99% used [0x00000000fff00000,0x00000000ffffdcc0,0x0000000100000000)
  to   space 6656K, 0% used [0x00000000ff300000,0x00000000ff300000,0x00000000ff980000)
 ParOldGen       total 325120K, used 58742K [0x00000000c0000000, 0x00000000d3d80000, 0x00000000eab00000)
  object space 325120K, 18% used [0x00000000c0000000,0x00000000c395db30,0x00000000d3d80000)
 Metaspace       used 79456K, capacity 80570K, committed 80808K, reserved 1118208K
  class space    used 11708K, capacity 11915K, committed 11952K, reserved 1048576K
}
Event: 117.679 GC heap before
{Heap before GC invocations=695 (full 4):
 PSYoungGen      total 336896K, used 336887K [0x00000000eab00000, 0x0000000100000000, 0x0000000100000000)
  eden space 335872K, 100% used [0x00000000eab00000,0x00000000ff300000,0x00000000ff300000)
  from space 1024K, 99% used [0x00000000fff00000,0x00000000ffffdcc0,0x0000000100000000)
  to   space 6656K, 0% used [0x00000000ff300000,0x00000000ff300000,0x00000000ff980000)
 ParOldGen       total 325120K, used 58742K [0x00000000c0000000, 0x00000000d3d80000, 0x00000000eab00000)
  object space 325120K, 18% used [0x00000000c0000000,0x00000000c395db30,0x00000000d3d80000)
 Metaspace       used 79610K, capacity 80638K, committed 80808K, reserved 1118208K
  class space    used 11714K, capacity 11915K, committed 11952K, reserved 1048576K
Event: 117.684 GC heap after
Heap after GC invocations=695 (full 4):
 PSYoungGen      total 342528K, used 6647K [0x00000000eab00000, 0x0000000100000000, 0x0000000100000000)
  eden space 335872K, 0% used [0x00000000eab00000,0x00000000eab00000,0x00000000ff300000)
  from space 6656K, 99% used [0x00000000ff300000,0x00000000ff97de90,0x00000000ff980000)
  to   space 6656K, 0% used [0x00000000ff980000,0x00000000ff980000,0x0000000100000000)
 ParOldGen       total 325120K, used 95317K [0x00000000c0000000, 0x00000000d3d80000, 0x00000000eab00000)
  object space 325120K, 29% used [0x00000000c0000000,0x00000000c5d154f8,0x00000000d3d80000)
 Metaspace       used 79610K, capacity 80638K, committed 80808K, reserved 1118208K
  class space    used 11714K, capacity 11915K, committed 11952K, reserved 1048576K
}
Event: 117.858 GC heap before
{Heap before GC invocations=696 (full 4):
 PSYoungGen      total 342528K, used 342519K [0x00000000eab00000, 0x0000000100000000, 0x0000000100000000)
  eden space 335872K, 100% used [0x00000000eab00000,0x00000000ff300000,0x00000000ff300000)
  from space 6656K, 99% used [0x00000000ff300000,0x00000000ff97de90,0x00000000ff980000)
  to   space 6656K, 0% used [0x00000000ff980000,0x00000000ff980000,0x0000000100000000)
 ParOldGen       total 325120K, used 95317K [0x00000000c0000000, 0x00000000d3d80000, 0x00000000eab00000)
  object space 325120K, 29% used [0x00000000c0000000,0x00000000c5d154f8,0x00000000d3d80000)
 Metaspace       used 79611K, capacity 80638K, committed 80808K, reserved 1118208K
  class space    used 11714K, capacity 11915K, committed 11952K, reserved 1048576K
Event: 117.861 GC heap after
Heap after GC invocations=696 (full 4):
 PSYoungGen      total 314880K, used 2496K [0x00000000eab00000, 0x0000000100000000, 0x0000000100000000)
  eden space 308224K, 0% used [0x00000000eab00000,0x00000000eab00000,0x00000000fd800000)
  from space 6656K, 37% used [0x00000000ff980000,0x00000000ffbf0030,0x0000000100000000)
  to   space 20480K, 0% used [0x00000000fd800000,0x00000000fd800000,0x00000000fec00000)
 ParOldGen       total 325120K, used 104731K [0x00000000c0000000, 0x00000000d3d80000, 0x00000000eab00000)
  object space 325120K, 32% used [0x00000000c0000000,0x00000000c6646ef0,0x00000000d3d80000)
 Metaspace       used 79611K, capacity 80638K, committed 80808K, reserved 1118208K
  class space    used 11714K, capacity 11915K, committed 11952K, reserved 1048576K
}
Event: 118.026 GC heap before
{Heap before GC invocations=697 (full 4):
 PSYoungGen      total 314880K, used 310720K [0x00000000eab00000, 0x0000000100000000, 0x0000000100000000)
  eden space 308224K, 100% used [0x00000000eab00000,0x00000000fd800000,0x00000000fd800000)
  from space 6656K, 37% used [0x00000000ff980000,0x00000000ffbf0030,0x0000000100000000)
  to   space 20480K, 0% used [0x00000000fd800000,0x00000000fd800000,0x00000000fec00000)
 ParOldGen       total 325120K, used 104731K [0x00000000c0000000, 0x00000000d3d80000, 0x00000000eab00000)
  object space 325120K, 32% used [0x00000000c0000000,0x00000000c6646ef0,0x00000000d3d80000)
 Metaspace       used 79612K, capacity 80638K, committed 80808K, reserved 1118208K
  class space    used 11714K, capacity 11915K, committed 11952K, reserved 1048576K
Event: 118.027 GC heap after
Heap after GC invocations=697 (full 4):
 PSYoungGen      total 328704K, used 2426K [0x00000000eab00000, 0x0000000100000000, 0x0000000100000000)
  eden space 308224K, 0% used [0x00000000eab00000,0x00000000eab00000,0x00000000fd800000)
  from space 20480K, 11% used [0x00000000fd800000,0x00000000fda5e900,0x00000000fec00000)
  to   space 19968K, 0% used [0x00000000fec80000,0x00000000fec80000,0x0000000100000000)
 ParOldGen       total 325120K, used 106803K [0x00000000c0000000, 0x00000000d3d80000, 0x00000000eab00000)
  object space 325120K, 32% used [0x00000000c0000000,0x00000000c684cf10,0x00000000d3d80000)
 Metaspace       used 79612K, capacity 80638K, committed 80808K, reserved 1118208K
  class space    used 11714K, capacity 11915K, committed 11952K, reserved 1048576K
}
Event: 119.405 GC heap before
{Heap before GC invocations=698 (full 4):
 PSYoungGen      total 328704K, used 310650K [0x00000000eab00000, 0x0000000100000000, 0x0000000100000000)
  eden space 308224K, 100% used [0x00000000eab00000,0x00000000fd800000,0x00000000fd800000)
  from space 20480K, 11% used [0x00000000fd800000,0x00000000fda5e900,0x00000000fec00000)
  to   space 19968K, 0% used [0x00000000fec80000,0x00000000fec80000,0x0000000100000000)
 ParOldGen       total 325120K, used 106803K [0x00000000c0000000, 0x00000000d3d80000, 0x00000000eab00000)
  object space 325120K, 32% used [0x00000000c0000000,0x00000000c684cf10,0x00000000d3d80000)
 Metaspace       used 79617K, capacity 80638K, committed 80808K, reserved 1118208K
  class space    used 11714K, capacity 11915K, committed 11952K, reserved 1048576K
Event: 119.408 GC heap after
Heap after GC invocations=698 (full 4):
 PSYoungGen      total 327168K, used 480K [0x00000000eab00000, 0x00000000ffe80000, 0x0000000100000000)
  eden space 308736K, 0% used [0x00000000eab00000,0x00000000eab00000,0x00000000fd880000)
  from space 18432K, 2% used [0x00000000fec80000,0x00000000fecf8010,0x00000000ffe80000)
  to   space 19456K, 0% used [0x00000000fd880000,0x00000000fd880000,0x00000000feb80000)
 ParOldGen       total 325120K, used 108944K [0x00000000c0000000, 0x00000000d3d80000, 0x00000000eab00000)
  object space 325120K, 33% used [0x00000000c0000000,0x00000000c6a640f0,0x00000000d3d80000)
 Metaspace       used 79617K, capacity 80638K, committed 80808K, reserved 1118208K
  class space    used 11714K, capacity 11915K, committed 11952K, reserved 1048576K
}

