# JRE version: Java(TM) SE Runtime Environment (8.0_241-b07) (build 1.8.0_241-b07)
# Java VM: Java HotSpot(TM) 64-Bit Server VM (25.241-b07 mixed mode windows-amd64 compressed oops)
Heap:
 PSYoungGen      total 331264K, used 18351K [0x00000000eab00000, 0x00000000ffe00000, 0x0000000100000000)
  eden space 317440K, 5% used [0x00000000eab00000,0x00000000ebc8be10,0x00000000fe100000)
  from space 13824K, 2% used [0x00000000ff080000,0x00000000ff0e0010,0x00000000ffe00000)
  to   space 14848K, 0% used [0x00000000fe100000,0x00000000fe100000,0x00000000fef80000)
 ParOldGen       total 377344K, used 91254K [0x00000000c0000000, 0x00000000d7080000, 0x00000000eab00000)
  object space 377344K, 24% used [0x00000000c0000000,0x00000000c591dac8,0x00000000d7080000)
 Metaspace       used 79652K, capacity 80638K, committed 80808K, reserved 1118208K
  class space    used 11725K, capacity 11915K, committed 11952K, reserved 1048576K
GC Heap History (10 events):
Event: 51.665 GC heap before
{Heap before GC invocations=710 (full 4):
 PSYoungGen      total 314368K, used 1015K [0x00000000eab00000, 0x0000000100000000, 0x0000000100000000)
  eden space 313344K, 0% used [0x00000000eab00000,0x00000000eab00000,0x00000000fdd00000)
  from space 1024K, 99% used [0x00000000fff00000,0x00000000ffffdf88,0x0000000100000000)
  to   space 17920K, 0% used [0x00000000fdd00000,0x00000000fdd00000,0x00000000fee80000)
 ParOldGen       total 271872K, used 271503K [0x00000000c0000000, 0x00000000d0980000, 0x00000000eab00000)
  object space 271872K, 99% used [0x00000000c0000000,0x00000000d0923e88,0x00000000d0980000)
 Metaspace       used 79432K, capacity 80470K, committed 80552K, reserved 1118208K
  class space    used 11706K, capacity 11893K, committed 11952K, reserved 1048576K
Event: 51.723 GC heap after
Heap after GC invocations=710 (full 4):
 PSYoungGen      total 314368K, used 0K [0x00000000eab00000, 0x0000000100000000, 0x0000000100000000)
  eden space 313344K, 0% used [0x00000000eab00000,0x00000000eab00000,0x00000000fdd00000)
  from space 1024K, 0% used [0x00000000fff00000,0x00000000fff00000,0x0000000100000000)
  to   space 17920K, 0% used [0x00000000fdd00000,0x00000000fdd00000,0x00000000fee80000)
 ParOldGen       total 377344K, used 83795K [0x00000000c0000000, 0x00000000d7080000, 0x00000000eab00000)
  object space 377344K, 22% used [0x00000000c0000000,0x00000000c51d4f88,0x00000000d7080000)
 Metaspace       used 79400K, capacity 80410K, committed 80552K, reserved 1118208K
  class space    used 11700K, capacity 11883K, committed 11952K, reserved 1048576K
}
Event: 51.958 GC heap before
{Heap before GC invocations=711 (full 4):
 PSYoungGen      total 314368K, used 313344K [0x00000000eab00000, 0x0000000100000000, 0x0000000100000000)
  eden space 313344K, 100% used [0x00000000eab00000,0x00000000fdd00000,0x00000000fdd00000)
  from space 1024K, 0% used [0x00000000fff00000,0x00000000fff00000,0x0000000100000000)
  to   space 17920K, 0% used [0x00000000fdd00000,0x00000000fdd00000,0x00000000fee80000)
 ParOldGen       total 377344K, used 83795K [0x00000000c0000000, 0x00000000d7080000, 0x00000000eab00000)
  object space 377344K, 22% used [0x00000000c0000000,0x00000000c51d4f88,0x00000000d7080000)
 Metaspace       used 79588K, capacity 80638K, committed 80808K, reserved 1118208K
  class space    used 11714K, capacity 11915K, committed 11952K, reserved 1048576K
Event: 51.960 GC heap after
Heap after GC invocations=711 (full 4):
 PSYoungGen      total 331264K, used 3639K [0x00000000eab00000, 0x0000000100000000, 0x0000000100000000)
  eden space 313344K, 0% used [0x00000000eab00000,0x00000000eab00000,0x00000000fdd00000)
  from space 17920K, 20% used [0x00000000fdd00000,0x00000000fe08de40,0x00000000fee80000)
  to   space 16896K, 0% used [0x00000000fef80000,0x00000000fef80000,0x0000000100000000)
 ParOldGen       total 377344K, used 83803K [0x00000000c0000000, 0x00000000d7080000, 0x00000000eab00000)
  object space 377344K, 22% used [0x00000000c0000000,0x00000000c51d6f88,0x00000000d7080000)
 Metaspace       used 79588K, capacity 80638K, committed 80808K, reserved 1118208K
  class space    used 11714K, capacity 11915K, committed 11952K, reserved 1048576K
}
Event: 52.124 GC heap before
{Heap before GC invocations=712 (full 4):
 PSYoungGen      total 331264K, used 316983K [0x00000000eab00000, 0x0000000100000000, 0x0000000100000000)
  eden space 313344K, 100% used [0x00000000eab00000,0x00000000fdd00000,0x00000000fdd00000)
  from space 17920K, 20% used [0x00000000fdd00000,0x00000000fe08de40,0x00000000fee80000)
  to   space 16896K, 0% used [0x00000000fef80000,0x00000000fef80000,0x0000000100000000)
 ParOldGen       total 377344K, used 83803K [0x00000000c0000000, 0x00000000d7080000, 0x00000000eab00000)
  object space 377344K, 22% used [0x00000000c0000000,0x00000000c51d6f88,0x00000000d7080000)
 Metaspace       used 79588K, capacity 80638K, committed 80808K, reserved 1118208K
  class space    used 11714K, capacity 11915K, committed 11952K, reserved 1048576K
Event: 52.127 GC heap after
Heap after GC invocations=712 (full 4):
 PSYoungGen      total 329216K, used 2528K [0x00000000eab00000, 0x00000000ffe00000, 0x0000000100000000)
  eden space 314368K, 0% used [0x00000000eab00000,0x00000000eab00000,0x00000000fde00000)
  from space 14848K, 17% used [0x00000000fef80000,0x00000000ff1f8030,0x00000000ffe00000)
  to   space 16384K, 0% used [0x00000000fde00000,0x00000000fde00000,0x00000000fee00000)
 ParOldGen       total 377344K, used 87068K [0x00000000c0000000, 0x00000000d7080000, 0x00000000eab00000)
  object space 377344K, 23% used [0x00000000c0000000,0x00000000c55071a8,0x00000000d7080000)
 Metaspace       used 79588K, capacity 80638K, committed 80808K, reserved 1118208K
  class space    used 11714K, capacity 11915K, committed 11952K, reserved 1048576K
}
Event: 52.289 GC heap before
{Heap before GC invocations=713 (full 4):
 PSYoungGen      total 329216K, used 316896K [0x00000000eab00000, 0x00000000ffe00000, 0x0000000100000000)
  eden space 314368K, 100% used [0x00000000eab00000,0x00000000fde00000,0x00000000fde00000)
  from space 14848K, 17% used [0x00000000fef80000,0x00000000ff1f8030,0x00000000ffe00000)
  to   space 16384K, 0% used [0x00000000fde00000,0x00000000fde00000,0x00000000fee00000)
 ParOldGen       total 377344K, used 87068K [0x00000000c0000000, 0x00000000d7080000, 0x00000000eab00000)
  object space 377344K, 23% used [0x00000000c0000000,0x00000000c55071a8,0x00000000d7080000)
 Metaspace       used 79590K, capacity 80638K, committed 80808K, reserved 1118208K
  class space    used 11714K, capacity 11915K, committed 11952K, reserved 1048576K
Event: 52.291 GC heap after
Heap after GC invocations=713 (full 4):
 PSYoungGen      total 330752K, used 2720K [0x00000000eab00000, 0x00000000fff80000, 0x0000000100000000)
  eden space 314368K, 0% used [0x00000000eab00000,0x00000000eab00000,0x00000000fde00000)
  from space 16384K, 16% used [0x00000000fde00000,0x00000000fe0a8030,0x00000000fee00000)
  to   space 15360K, 0% used [0x00000000ff080000,0x00000000ff080000,0x00000000fff80000)
 ParOldGen       total 377344K, used 89148K [0x00000000c0000000, 0x00000000d7080000, 0x00000000eab00000)
  object space 377344K, 23% used [0x00000000c0000000,0x00000000c570f1c8,0x00000000d7080000)
 Metaspace       used 79590K, capacity 80638K, committed 80808K, reserved 1118208K
  class space    used 11714K, capacity 11915K, committed 11952K, reserved 1048576K
}
Event: 53.740 GC heap before
{Heap before GC invocations=714 (full 4):
 PSYoungGen      total 330752K, used 317088K [0x00000000eab00000, 0x00000000fff80000, 0x0000000100000000)
  eden space 314368K, 100% used [0x00000000eab00000,0x00000000fde00000,0x00000000fde00000)
  from space 16384K, 16% used [0x00000000fde00000,0x00000000fe0a8030,0x00000000fee00000)
  to   space 15360K, 0% used [0x00000000ff080000,0x00000000ff080000,0x00000000fff80000)
 ParOldGen       total 377344K, used 89148K [0x00000000c0000000, 0x00000000d7080000, 0x00000000eab00000)
  object space 377344K, 23% used [0x00000000c0000000,0x00000000c570f1c8,0x00000000d7080000)
 Metaspace       used 79597K, capacity 80638K, committed 80808K, reserved 1118208K
  class space    used 11714K, capacity 11915K, committed 11952K, reserved 1048576K
Event: 53.742 GC heap after
Heap after GC invocations=714 (full 4):
 PSYoungGen      total 331264K, used 384K [0x00000000eab00000, 0x00000000ffe00000, 0x0000000100000000)
  eden space 317440K, 0% used [0x00000000eab00000,0x00000000eab00000,0x00000000fe100000)
  from space 13824K, 2% used [0x00000000ff080000,0x00000000ff0e0010,0x00000000ffe00000)
  to   space 14848K, 0% used [0x00000000fe100000,0x00000000fe100000,0x00000000fef80000)
 ParOldGen       total 377344K, used 91254K [0x00000000c0000000, 0x00000000d7080000, 0x00000000eab00000)
  object space 377344K, 24% used [0x00000000c0000000,0x00000000c591dac8,0x00000000d7080000)
 Metaspace       used 79597K, capacity 80638K, committed 80808K, reserved 1118208K
  class space    used 11714K, capacity 11915K, committed 11952K, reserved 1048576K
}

