# JRE version: Java(TM) SE Runtime Environment (8.0_241-b07) (build 1.8.0_241-b07)
# Java VM: Java HotSpot(TM) 64-Bit Server VM (25.241-b07 mixed mode windows-amd64 compressed oops)
Heap:
 PSYoungGen      total 328704K, used 223748K [0x00000000eab00000, 0x00000000fff80000, 0x0000000100000000)
  eden space 310784K, 71% used [0x00000000eab00000,0x00000000f8322770,0x00000000fda80000)
  from space 17920K, 13% used [0x00000000fda80000,0x00000000fdcde910,0x00000000fec00000)
  to   space 16896K, 0% used [0x00000000fef00000,0x00000000fef00000,0x00000000fff80000)
 ParOldGen       total 369152K, used 86661K [0x00000000c0000000, 0x00000000d6880000, 0x00000000eab00000)
  object space 369152K, 23% used [0x00000000c0000000,0x00000000c54a16f0,0x00000000d6880000)
 Metaspace       used 79737K, capacity 80766K, committed 81064K, reserved 1118208K
  class space    used 11722K, capacity 11915K, committed 11952K, reserved 1048576K
GC Heap History (10 events):
Event: 69.521 GC heap before
{Heap before GC invocations=693 (full 3):
 PSYoungGen      total 348160K, used 347424K [0x00000000eab00000, 0x0000000100000000, 0x0000000100000000)
  eden space 347136K, 100% used [0x00000000eab00000,0x00000000ffe00000,0x00000000ffe00000)
  from space 1024K, 28% used [0x00000000ffe00000,0x00000000ffe48000,0x00000000fff00000)
  to   space 1024K, 0% used [0x00000000fff00000,0x00000000fff00000,0x0000000100000000)
 ParOldGen       total 254464K, used 223195K [0x00000000c0000000, 0x00000000cf880000, 0x00000000eab00000)
  object space 254464K, 87% used [0x00000000c0000000,0x00000000cd9f6ff0,0x00000000cf880000)
 Metaspace       used 79647K, capacity 80748K, committed 80808K, reserved 1118208K
  class space    used 11710K, capacity 11896K, committed 11952K, reserved 1048576K
Event: 69.528 GC heap after
Heap after GC invocations=693 (full 3):
 PSYoungGen      total 311296K, used 1015K [0x00000000eab00000, 0x0000000100000000, 0x0000000100000000)
  eden space 310272K, 0% used [0x00000000eab00000,0x00000000eab00000,0x00000000fda00000)
  from space 1024K, 99% used [0x00000000fff00000,0x00000000ffffdf88,0x0000000100000000)
  to   space 19456K, 0% used [0x00000000fda00000,0x00000000fda00000,0x00000000fed00000)
 ParOldGen       total 272896K, used 272732K [0x00000000c0000000, 0x00000000d0a80000, 0x00000000eab00000)
  object space 272896K, 99% used [0x00000000c0000000,0x00000000d0a573e0,0x00000000d0a80000)
 Metaspace       used 79647K, capacity 80748K, committed 80808K, reserved 1118208K
  class space    used 11710K, capacity 11896K, committed 11952K, reserved 1048576K
}
Event: 69.528 GC heap before
{Heap before GC invocations=694 (full 4):
 PSYoungGen      total 311296K, used 1015K [0x00000000eab00000, 0x0000000100000000, 0x0000000100000000)
  eden space 310272K, 0% used [0x00000000eab00000,0x00000000eab00000,0x00000000fda00000)
  from space 1024K, 99% used [0x00000000fff00000,0x00000000ffffdf88,0x0000000100000000)
  to   space 19456K, 0% used [0x00000000fda00000,0x00000000fda00000,0x00000000fed00000)
 ParOldGen       total 272896K, used 272732K [0x00000000c0000000, 0x00000000d0a80000, 0x00000000eab00000)
  object space 272896K, 99% used [0x00000000c0000000,0x00000000d0a573e0,0x00000000d0a80000)
 Metaspace       used 79647K, capacity 80748K, committed 80808K, reserved 1118208K
  class space    used 11710K, capacity 11896K, committed 11952K, reserved 1048576K
Event: 69.580 GC heap after
Heap after GC invocations=694 (full 4):
 PSYoungGen      total 311296K, used 0K [0x00000000eab00000, 0x0000000100000000, 0x0000000100000000)
  eden space 310272K, 0% used [0x00000000eab00000,0x00000000eab00000,0x00000000fda00000)
  from space 1024K, 0% used [0x00000000fff00000,0x00000000fff00000,0x0000000100000000)
  to   space 19456K, 0% used [0x00000000fda00000,0x00000000fda00000,0x00000000fed00000)
 ParOldGen       total 369152K, used 84389K [0x00000000c0000000, 0x00000000d6880000, 0x00000000eab00000)
  object space 369152K, 22% used [0x00000000c0000000,0x00000000c52696d0,0x00000000d6880000)
 Metaspace       used 79604K, capacity 80670K, committed 80808K, reserved 1118208K
  class space    used 11702K, capacity 11883K, committed 11952K, reserved 1048576K
}
Event: 69.796 GC heap before
{Heap before GC invocations=695 (full 4):
 PSYoungGen      total 311296K, used 310272K [0x00000000eab00000, 0x0000000100000000, 0x0000000100000000)
  eden space 310272K, 100% used [0x00000000eab00000,0x00000000fda00000,0x00000000fda00000)
  from space 1024K, 0% used [0x00000000fff00000,0x00000000fff00000,0x0000000100000000)
  to   space 19456K, 0% used [0x00000000fda00000,0x00000000fda00000,0x00000000fed00000)
 ParOldGen       total 369152K, used 84389K [0x00000000c0000000, 0x00000000d6880000, 0x00000000eab00000)
  object space 369152K, 22% used [0x00000000c0000000,0x00000000c52696d0,0x00000000d6880000)
 Metaspace       used 79668K, capacity 80702K, committed 80808K, reserved 1118208K
  class space    used 11711K, capacity 11915K, committed 11952K, reserved 1048576K
Event: 69.798 GC heap after
Heap after GC invocations=695 (full 4):
 PSYoungGen      total 329728K, used 640K [0x00000000eab00000, 0x0000000100000000, 0x0000000100000000)
  eden space 310272K, 0% used [0x00000000eab00000,0x00000000eab00000,0x00000000fda00000)
  from space 19456K, 3% used [0x00000000fda00000,0x00000000fdaa0010,0x00000000fed00000)
  to   space 18944K, 0% used [0x00000000fed80000,0x00000000fed80000,0x0000000100000000)
 ParOldGen       total 369152K, used 84397K [0x00000000c0000000, 0x00000000d6880000, 0x00000000eab00000)
  object space 369152K, 22% used [0x00000000c0000000,0x00000000c526b6d0,0x00000000d6880000)
 Metaspace       used 79668K, capacity 80702K, committed 80808K, reserved 1118208K
  class space    used 11711K, capacity 11915K, committed 11952K, reserved 1048576K
}
Event: 70.011 GC heap before
{Heap before GC invocations=696 (full 4):
 PSYoungGen      total 329728K, used 310912K [0x00000000eab00000, 0x0000000100000000, 0x0000000100000000)
  eden space 310272K, 100% used [0x00000000eab00000,0x00000000fda00000,0x00000000fda00000)
  from space 19456K, 3% used [0x00000000fda00000,0x00000000fdaa0010,0x00000000fed00000)
  to   space 18944K, 0% used [0x00000000fed80000,0x00000000fed80000,0x0000000100000000)
 ParOldGen       total 369152K, used 84397K [0x00000000c0000000, 0x00000000d6880000, 0x00000000eab00000)
  object space 369152K, 22% used [0x00000000c0000000,0x00000000c526b6d0,0x00000000d6880000)
 Metaspace       used 79668K, capacity 80702K, committed 80808K, reserved 1118208K
  class space    used 11711K, capacity 11915K, committed 11952K, reserved 1048576K
Event: 70.013 GC heap after
Heap after GC invocations=696 (full 4):
 PSYoungGen      total 327168K, used 2464K [0x00000000eab00000, 0x00000000ffd80000, 0x0000000100000000)
  eden space 310784K, 0% used [0x00000000eab00000,0x00000000eab00000,0x00000000fda80000)
  from space 16384K, 15% used [0x00000000fed80000,0x00000000fefe8030,0x00000000ffd80000)
  to   space 17920K, 0% used [0x00000000fda80000,0x00000000fda80000,0x00000000fec00000)
 ParOldGen       total 369152K, used 84589K [0x00000000c0000000, 0x00000000d6880000, 0x00000000eab00000)
  object space 369152K, 22% used [0x00000000c0000000,0x00000000c529b6d0,0x00000000d6880000)
 Metaspace       used 79668K, capacity 80702K, committed 80808K, reserved 1118208K
  class space    used 11711K, capacity 11915K, committed 11952K, reserved 1048576K
}
Event: 70.182 GC heap before
{Heap before GC invocations=697 (full 4):
 PSYoungGen      total 327168K, used 313248K [0x00000000eab00000, 0x00000000ffd80000, 0x0000000100000000)
  eden space 310784K, 100% used [0x00000000eab00000,0x00000000fda80000,0x00000000fda80000)
  from space 16384K, 15% used [0x00000000fed80000,0x00000000fefe8030,0x00000000ffd80000)
  to   space 17920K, 0% used [0x00000000fda80000,0x00000000fda80000,0x00000000fec00000)
 ParOldGen       total 369152K, used 84589K [0x00000000c0000000, 0x00000000d6880000, 0x00000000eab00000)
  object space 369152K, 22% used [0x00000000c0000000,0x00000000c529b6d0,0x00000000d6880000)
 Metaspace       used 79670K, capacity 80702K, committed 80808K, reserved 1118208K
  class space    used 11711K, capacity 11915K, committed 11952K, reserved 1048576K
Event: 70.183 GC heap after
Heap after GC invocations=697 (full 4):
 PSYoungGen      total 328704K, used 2426K [0x00000000eab00000, 0x00000000fff80000, 0x0000000100000000)
  eden space 310784K, 0% used [0x00000000eab00000,0x00000000eab00000,0x00000000fda80000)
  from space 17920K, 13% used [0x00000000fda80000,0x00000000fdcde910,0x00000000fec00000)
  to   space 16896K, 0% used [0x00000000fef00000,0x00000000fef00000,0x00000000fff80000)
 ParOldGen       total 369152K, used 86661K [0x00000000c0000000, 0x00000000d6880000, 0x00000000eab00000)
  object space 369152K, 23% used [0x00000000c0000000,0x00000000c54a16f0,0x00000000d6880000)
 Metaspace       used 79670K, capacity 80702K, committed 80808K, reserved 1118208K
  class space    used 11711K, capacity 11915K, committed 11952K, reserved 1048576K
}

