# JRE version: Java(TM) SE Runtime Environment (8.0_241-b07) (build 1.8.0_241-b07)
# Java VM: Java HotSpot(TM) 64-Bit Server VM (25.241-b07 mixed mode windows-amd64 compressed oops)
Heap:
 PSYoungGen      total 330752K, used 131693K [0x00000000eab00000, 0x0000000100000000, 0x0000000100000000)
  eden space 314368K, 41% used [0x00000000eab00000,0x00000000f292cb70,0x00000000fde00000)
  from space 16384K, 15% used [0x00000000fde00000,0x00000000fe06e910,0x00000000fee00000)
  to   space 15872K, 0% used [0x00000000ff080000,0x00000000ff080000,0x0000000100000000)
 ParOldGen       total 370176K, used 86699K [0x00000000c0000000, 0x00000000d6980000, 0x00000000eab00000)
  object space 370176K, 23% used [0x00000000c0000000,0x00000000c54aac60,0x00000000d6980000)
 Metaspace       used 79807K, capacity 80842K, committed 81064K, reserved 1118208K
  class space    used 11724K, capacity 11917K, committed 11952K, reserved 1048576K
GC Heap History (10 events):
Event: 115.296 GC heap before
{Heap before GC invocations=757 (full 3):
 PSYoungGen      total 348160K, used 347456K [0x00000000eab00000, 0x0000000100000000, 0x0000000100000000)
  eden space 347136K, 100% used [0x00000000eab00000,0x00000000ffe00000,0x00000000ffe00000)
  from space 1024K, 31% used [0x00000000ffe00000,0x00000000ffe50000,0x00000000fff00000)
  to   space 1024K, 0% used [0x00000000fff00000,0x00000000fff00000,0x0000000100000000)
 ParOldGen       total 261632K, used 251056K [0x00000000c0000000, 0x00000000cff80000, 0x00000000eab00000)
  object space 261632K, 95% used [0x00000000c0000000,0x00000000cf52c128,0x00000000cff80000)
 Metaspace       used 79694K, capacity 80736K, committed 80808K, reserved 1118208K
  class space    used 11710K, capacity 11894K, committed 11952K, reserved 1048576K
Event: 115.303 GC heap after
Heap after GC invocations=757 (full 3):
 PSYoungGen      total 314368K, used 1015K [0x00000000eab00000, 0x0000000100000000, 0x0000000100000000)
  eden space 313344K, 0% used [0x00000000eab00000,0x00000000eab00000,0x00000000fdd00000)
  from space 1024K, 99% used [0x00000000fff00000,0x00000000ffffdce8,0x0000000100000000)
  to   space 17920K, 0% used [0x00000000fdd00000,0x00000000fdd00000,0x00000000fee80000)
 ParOldGen       total 296960K, used 296615K [0x00000000c0000000, 0x00000000d2200000, 0x00000000eab00000)
  object space 296960K, 99% used [0x00000000c0000000,0x00000000d21a9dc0,0x00000000d2200000)
 Metaspace       used 79694K, capacity 80736K, committed 80808K, reserved 1118208K
  class space    used 11710K, capacity 11894K, committed 11952K, reserved 1048576K
}
Event: 115.303 GC heap before
{Heap before GC invocations=758 (full 4):
 PSYoungGen      total 314368K, used 1015K [0x00000000eab00000, 0x0000000100000000, 0x0000000100000000)
  eden space 313344K, 0% used [0x00000000eab00000,0x00000000eab00000,0x00000000fdd00000)
  from space 1024K, 99% used [0x00000000fff00000,0x00000000ffffdce8,0x0000000100000000)
  to   space 17920K, 0% used [0x00000000fdd00000,0x00000000fdd00000,0x00000000fee80000)
 ParOldGen       total 296960K, used 296615K [0x00000000c0000000, 0x00000000d2200000, 0x00000000eab00000)
  object space 296960K, 99% used [0x00000000c0000000,0x00000000d21a9dc0,0x00000000d2200000)
 Metaspace       used 79694K, capacity 80736K, committed 80808K, reserved 1118208K
  class space    used 11710K, capacity 11894K, committed 11952K, reserved 1048576K
Event: 115.355 GC heap after
Heap after GC invocations=758 (full 4):
 PSYoungGen      total 314368K, used 0K [0x00000000eab00000, 0x0000000100000000, 0x0000000100000000)
  eden space 313344K, 0% used [0x00000000eab00000,0x00000000eab00000,0x00000000fdd00000)
  from space 1024K, 0% used [0x00000000fff00000,0x00000000fff00000,0x0000000100000000)
  to   space 17920K, 0% used [0x00000000fdd00000,0x00000000fdd00000,0x00000000fee80000)
 ParOldGen       total 370176K, used 84419K [0x00000000c0000000, 0x00000000d6980000, 0x00000000eab00000)
  object space 370176K, 22% used [0x00000000c0000000,0x00000000c5270c40,0x00000000d6980000)
 Metaspace       used 79670K, capacity 80682K, committed 80808K, reserved 1118208K
  class space    used 11705K, capacity 11885K, committed 11952K, reserved 1048576K
}
Event: 115.565 GC heap before
{Heap before GC invocations=759 (full 4):
 PSYoungGen      total 314368K, used 313344K [0x00000000eab00000, 0x0000000100000000, 0x0000000100000000)
  eden space 313344K, 100% used [0x00000000eab00000,0x00000000fdd00000,0x00000000fdd00000)
  from space 1024K, 0% used [0x00000000fff00000,0x00000000fff00000,0x0000000100000000)
  to   space 17920K, 0% used [0x00000000fdd00000,0x00000000fdd00000,0x00000000fee80000)
 ParOldGen       total 370176K, used 84419K [0x00000000c0000000, 0x00000000d6980000, 0x00000000eab00000)
  object space 370176K, 22% used [0x00000000c0000000,0x00000000c5270c40,0x00000000d6980000)
 Metaspace       used 79734K, capacity 80778K, committed 81064K, reserved 1118208K
  class space    used 11713K, capacity 11917K, committed 11952K, reserved 1048576K
Event: 115.567 GC heap after
Heap after GC invocations=759 (full 4):
 PSYoungGen      total 331264K, used 2752K [0x00000000eab00000, 0x0000000100000000, 0x0000000100000000)
  eden space 313344K, 0% used [0x00000000eab00000,0x00000000eab00000,0x00000000fdd00000)
  from space 17920K, 15% used [0x00000000fdd00000,0x00000000fdfb0030,0x00000000fee80000)
  to   space 16896K, 0% used [0x00000000fef80000,0x00000000fef80000,0x0000000100000000)
 ParOldGen       total 370176K, used 84427K [0x00000000c0000000, 0x00000000d6980000, 0x00000000eab00000)
  object space 370176K, 22% used [0x00000000c0000000,0x00000000c5272c40,0x00000000d6980000)
 Metaspace       used 79734K, capacity 80778K, committed 81064K, reserved 1118208K
  class space    used 11713K, capacity 11917K, committed 11952K, reserved 1048576K
}
Event: 115.771 GC heap before
{Heap before GC invocations=760 (full 4):
 PSYoungGen      total 331264K, used 316096K [0x00000000eab00000, 0x0000000100000000, 0x0000000100000000)
  eden space 313344K, 100% used [0x00000000eab00000,0x00000000fdd00000,0x00000000fdd00000)
  from space 17920K, 15% used [0x00000000fdd00000,0x00000000fdfb0030,0x00000000fee80000)
  to   space 16896K, 0% used [0x00000000fef80000,0x00000000fef80000,0x0000000100000000)
 ParOldGen       total 370176K, used 84427K [0x00000000c0000000, 0x00000000d6980000, 0x00000000eab00000)
  object space 370176K, 22% used [0x00000000c0000000,0x00000000c5272c40,0x00000000d6980000)
 Metaspace       used 79741K, capacity 80778K, committed 81064K, reserved 1118208K
  class space    used 11713K, capacity 11917K, committed 11952K, reserved 1048576K
Event: 115.773 GC heap after
Heap after GC invocations=760 (full 4):
 PSYoungGen      total 329216K, used 448K [0x00000000eab00000, 0x00000000ffe00000, 0x0000000100000000)
  eden space 314368K, 0% used [0x00000000eab00000,0x00000000eab00000,0x00000000fde00000)
  from space 14848K, 3% used [0x00000000fef80000,0x00000000feff0010,0x00000000ffe00000)
  to   space 16384K, 0% used [0x00000000fde00000,0x00000000fde00000,0x00000000fee00000)
 ParOldGen       total 370176K, used 86627K [0x00000000c0000000, 0x00000000d6980000, 0x00000000eab00000)
  object space 370176K, 23% used [0x00000000c0000000,0x00000000c5498c60,0x00000000d6980000)
 Metaspace       used 79741K, capacity 80778K, committed 81064K, reserved 1118208K
  class space    used 11713K, capacity 11917K, committed 11952K, reserved 1048576K
}
Event: 117.216 GC heap before
{Heap before GC invocations=761 (full 4):
 PSYoungGen      total 329216K, used 314816K [0x00000000eab00000, 0x00000000ffe00000, 0x0000000100000000)
  eden space 314368K, 100% used [0x00000000eab00000,0x00000000fde00000,0x00000000fde00000)
  from space 14848K, 3% used [0x00000000fef80000,0x00000000feff0010,0x00000000ffe00000)
  to   space 16384K, 0% used [0x00000000fde00000,0x00000000fde00000,0x00000000fee00000)
 ParOldGen       total 370176K, used 86627K [0x00000000c0000000, 0x00000000d6980000, 0x00000000eab00000)
  object space 370176K, 23% used [0x00000000c0000000,0x00000000c5498c60,0x00000000d6980000)
 Metaspace       used 79742K, capacity 80778K, committed 81064K, reserved 1118208K
  class space    used 11713K, capacity 11917K, committed 11952K, reserved 1048576K
Event: 117.218 GC heap after
Heap after GC invocations=761 (full 4):
 PSYoungGen      total 330752K, used 2490K [0x00000000eab00000, 0x0000000100000000, 0x0000000100000000)
  eden space 314368K, 0% used [0x00000000eab00000,0x00000000eab00000,0x00000000fde00000)
  from space 16384K, 15% used [0x00000000fde00000,0x00000000fe06e910,0x00000000fee00000)
  to   space 15872K, 0% used [0x00000000ff080000,0x00000000ff080000,0x0000000100000000)
 ParOldGen       total 370176K, used 86699K [0x00000000c0000000, 0x00000000d6980000, 0x00000000eab00000)
  object space 370176K, 23% used [0x00000000c0000000,0x00000000c54aac60,0x00000000d6980000)
 Metaspace       used 79742K, capacity 80778K, committed 81064K, reserved 1118208K
  class space    used 11713K, capacity 11917K, committed 11952K, reserved 1048576K
}

